<?xml version="1.0" encoding="UTF-8"?>
<!-- Generated by org.testng.reporters.JUnitReportReporter -->
<testsuite hostname="L-INE-4FQCQG3" failures="0" tests="2" name="DemoJenkins.OrangeHRM.OrangeHRM" time="12.150" errors="0" timestamp="2023-09-07T14:18:11 IST" skipped="0">
  <testcase classname="DemoJenkins.OrangeHRM.OrangeHRM" name="TC1" time="8.427"/>
  <testcase classname="DemoJenkins.OrangeHRM.OrangeHRM" name="TC2" time="3.723"/>
</testsuite> <!-- DemoJenkins.OrangeHRM.OrangeHRM -->
